  Animation.cpp
  The contents of <concepts> are available only with C++20 concepts support.
  The contents of <format> are available only with C++20 or later.
D:\coding\repos\NEA_Project_RPG\Engine\src\Vivium\Core.h(33,10): fatal error C1083: Cannot open include file: 'entt.hpp': No such file or directory
  Application.cpp
  The contents of <concepts> are available only with C++20 concepts support.
  The contents of <format> are available only with C++20 or later.
D:\coding\repos\NEA_Project_RPG\Engine\src\Vivium\Core.h(33,10): fatal error C1083: Cannot open include file: 'entt.hpp': No such file or directory
  Body.cpp
  The contents of <concepts> are available only with C++20 concepts support.
  The contents of <format> are available only with C++20 or later.
D:\coding\repos\NEA_Project_RPG\Engine\src\Vivium\Core.h(33,10): fatal error C1083: Cannot open include file: 'entt.hpp': No such file or directory
  Button.cpp
  The contents of <concepts> are available only with C++20 concepts support.
  The contents of <format> are available only with C++20 or later.
D:\coding\repos\NEA_Project_RPG\Engine\src\Vivium\Core.h(33,10): fatal error C1083: Cannot open include file: 'entt.hpp': No such file or directory
  Camera.cpp
  The contents of <concepts> are available only with C++20 concepts support.
  The contents of <format> are available only with C++20 or later.
D:\coding\repos\NEA_Project_RPG\Engine\src\Vivium\Core.h(33,10): fatal error C1083: Cannot open include file: 'entt.hpp': No such file or directory
  Collision.cpp
  The contents of <concepts> are available only with C++20 concepts support.
  The contents of <format> are available only with C++20 or later.
D:\coding\repos\NEA_Project_RPG\Engine\src\Vivium\Core.h(33,10): fatal error C1083: Cannot open include file: 'entt.hpp': No such file or directory
  Color.cpp
  The contents of <concepts> are available only with C++20 concepts support.
  The contents of <format> are available only with C++20 or later.
